User houser, error type 4:  Unknown message ') a two handed sword (weapon in hand)'

User houser, error type 4:  Unknown message ') a two handed sword (weapon in hand)'

User houser, error type 4:  Started logging --More-- loop.

User houser, error type 4:  More loop msg 'the bat hit'

User houser, error type 4:  More loop msg 'the bat hit'

User houser, error type 4:  More loop msg 'the bat misses'

User houser, error type 4:  More loop msg 'the bat misses'

User houser, error type 4:  More loop msg 'the bat hit'

User houser, error type 4:  More loop msg 'the bat misses'

User houser, error type 1:  Too much stuff


Snapshot taken on Aug 21, 1986 at 22:59:29:

-------------------------------------------------------------------------------








                       __________
                      /          \
                     /    REST    \
                    /      IN      \
                   /     PEACE      \
                  /                  \
               Rog-O-Matic XIV for houser
                  |      282 Au      |
                  |   killed by a    |
                  |       bat        |
                  |       1986       |
                 *|     *  *  *      | *
         ________)/\\_//(\/(/\)/\//\/|_)_______

Oops...
[Press return to continue]Top Ten Rogueists:RankScoreName15881Rog-O-Matic XIV f:
-------------------------------------------------------------------------------

Status: 2 foods, 29 missiles, 495 turns, (0,1 1,2) bonus

a)  950 1*food: .
b) 2600 1*armor: (1) [4] ring mail, being worn.
c) 2860 1*hitter: (1,1) mace, in hand.
d) 1547 1*thrower: (1,0) short bow.
e) 1800 29*missile: (0,0) arrow.
f)  400 1*scroll: ski arzehydpay toxwahrhov nepeep mikkho, unknown.
g)  650 1*wand: fire, tried.
h)  400 1*scroll: wuntueevs nesple, unknown.
i)  950 1*food: apricot.
j)  500 1*potion: tan, unknown.
k)  500 1*potion: blue, unknown.
l)  400 1*scroll: blubekab con staklio, unknown.

-------------------------------------------------------------------------------
Monsters killed:

	8 bats
	3 emus
	1 hobgoblin
	2 kestrels
	2 orcs
	1 rattlesnake
	2 snakes

Total: 19

Hit 20 out of 51 times, was hit 27 out of 50 times.
Gold 313 total, 9 pots, 34 average.

User byee, error type 4:  Started logging --More-- loop.

User byee, error type 4:  More loop msg 'the zombie hit'

User byee, error type 4:  More loop msg 'the zombie misses'

User byee, error type 4:  More loop msg 'the zombie misses'

User byee, error type 4:  More loop msg 'the zombie misses'

User byee, error type 1:  Too many monsters


Snapshot taken on Oct 19, 1986 at 21:19:09:

-------------------------------------------------------------------------------








                       __________
                      /          \
                     /    REST    \
                    /      IN      \
                   /     PEACE      \
                  /                  \
                Rog-O-Matic XIV for byee
                  |     1058 Au      |
                  |   killed by a    |
                  |      zombie      |
                  |       1986       |
                 *|     *  *  *      | *
         ________)/\\_//(\/(/\)/\//\/|_)_______

Oops...
[Press return to continue]Top Ten Rogueists:RankScoreName15881Rog-O-Matic XIV fM
-------------------------------------------------------------------------------

Status: protected, 1 food, 16 missiles, 3091 turns, (-4,-4 -3,-3) bonus

a)  950 1*food: .
b) 2840 1*armor: (3) [6] ring mail, being worn.
c) 2860 1*hitter: (1,1) mace, in hand.
d) 1547 1*thrower: (1,0) short bow.
e) 1150 16*missile: (0,0) arrow.
f)  335 1*thrower: short bow, unknown.
g)  450 1*scroll: remove curse.
h)  650 1*wand: drain life.
i)  600 1*wand: lead, unknown, tried.

-------------------------------------------------------------------------------
Monsters killed:

	11 its
	5 bats
	6 emus
	5 hobgoblins
	2 ice monsters
	2 kestrels
	2 orcs
	7 rattlesnakes
	6 snakes
	5 zombies

Total: 51

Hit 59 out of 154 times, was hit 65 out of 132 times.
Gold 1175 total, 23 pots, 51 average.

